\BOOKMARK [1][-]{section*.1}{\376\377\000A\000l\000e\000x\000a\000n\000d\000r\000o\000s\000\040\000K\000a\000l\000a\000t\000h\000a\000s}{}% 1
\BOOKMARK [2][-]{section*.2}{\376\377\000U\000n\000d\000e\000r\000g\000r\000a\000d\000u\000a\000t\000e\000\040\000s\000t\000u\000d\000e\000n\000t}{section*.1}% 2
\BOOKMARK [2][-]{section*.3}{\376\377\000L\000a\000n\000g\000u\000a\000g\000e\000s}{section*.1}% 3
\BOOKMARK [2][-]{section*.4}{\376\377\000I\000n\000t\000e\000r\000e\000s\000t\000s}{section*.1}% 4
\BOOKMARK [2][-]{section*.5}{\376\377\000A\000b\000o\000u\000t\000\040\000T\000h\000e\000m\000e}{section*.1}% 5
\BOOKMARK [2][-]{section*.6}{\376\377\000\040\000A\000\040\000f\000e\000w\000\040\000t\000h\000i\000n\000g\000s\000\040\000a\000b\000o\000u\000t\000\040\000m\000e}{section*.1}% 6
\BOOKMARK [2][-]{section*.7}{\376\377\000\040\000E\000d\000u\000c\000a\000t\000i\000o\000n}{section*.1}% 7
\BOOKMARK [3][-]{section*.8}{\376\377\000U\000n\000d\000e\000r\000g\000r\000a\000d\000u\000a\000t\000e}{section*.7}% 8
\BOOKMARK [2][-]{section*.9}{\376\377\000\040\000E\000x\000p\000e\000r\000i\000e\000n\000c\000e\000s}{section*.1}% 9
\BOOKMARK [3][-]{section*.10}{}{section*.9}% 10
\BOOKMARK [2][-]{section*.11}{\376\377\000\040\000S\000k\000i\000l\000l\000s\000\040\000\046\000\040\000P\000r\000o\000f\000i\000c\000i\000e\000n\000c\000y}{section*.1}% 11
\BOOKMARK [3][-]{section*.12}{\376\377\000P\000y\000t\000h\000o\000n}{section*.11}% 12
\BOOKMARK [3][-]{section*.13}{\376\377\000J\000a\000v\000a}{section*.11}% 13
\BOOKMARK [3][-]{section*.14}{\376\377\000H\000T\000M\000L}{section*.11}% 14
\BOOKMARK [3][-]{section*.15}{\376\377\000H\000T\000M\000L\0005\000\040\000\046\000\040\000C\000S\000S}{section*.11}% 15
\BOOKMARK [3][-]{section*.16}{\376\377\000S\000Q\000L}{section*.11}% 16
\BOOKMARK [3][-]{section*.17}{\376\377\000C}{section*.11}% 17
\BOOKMARK [3][-]{section*.18}{\376\377\000F\000i\000n\000d\000\040\000s\000o\000l\000u\000t\000i\000o\000n\000s\000\040\000t\000o\000\040\000p\000r\000o\000b\000l\000e\000m\000s\000\040\000q\000u\000i\000c\000k\000l\000y}{section*.11}% 18
\BOOKMARK [3][-]{section*.19}{\376\377\000W\000o\000r\000k\000i\000n\000g\000\040\000i\000n\000\040\000a\000\040\000t\000e\000a\000m}{section*.11}% 19
\BOOKMARK [2][-]{section*.20}{\376\377\000\040\000P\000r\000o\000g\000r\000a\000m\000s\000\040\000\046\000\040\000P\000r\000o\000f\000i\000c\000i\000e\000n\000c\000y}{section*.1}% 20
\BOOKMARK [3][-]{section*.21}{\376\377\000P\000h\000o\000t\000o\000s\000h\000o\000p}{section*.20}% 21
\BOOKMARK [3][-]{section*.22}{\376\377\000H\000i\000t\000f\000i\000l\000m\000\040\000E\000x\000p\000r\000e\000s\000s}{section*.20}% 22
\BOOKMARK [3][-]{section*.23}{\376\377\000V\000i\000s\000u\000a\000l\000\040\000P\000a\000r\000a\000d\000i\000g\000m}{section*.20}% 23
\BOOKMARK [3][-]{section*.24}{\376\377\000p\000i\000a\000\040\000\050\000C\000N\000I\000L\000\051}{section*.20}% 24
\BOOKMARK [3][-]{section*.25}{\376\377\000O\000B\000S\000\040\000S\000t\000u\000d\000i\000o}{section*.20}% 25
